{"level":"info","message":"Hello from Acquisition!","service":"acquisitions-api"}
{"level":"info","message":"combinde","service":"acquisitions-api"}
{"level":"info","message":"Hello from Acquisition!","service":"acquisitions-api"}
{"level":"info","message":"::1 - - [12/Sep/2025:11:14:27 +0000] \"GET / HTTP/1.1\" 304 - \"-\" \"Mozilla/5.0 (Windows NT 10.0; Win64; x64) AppleWebKit/537.36 (KHTML, like Gecko) Chrome/140.0.0.0 Safari/537.36\"","service":"acquisitions-api"}
{"level":"info","message":"::1 - - [12/Sep/2025:16:44:14 +0000] \"GET /api/auth/sign-up HTTP/1.1\" 404 155 \"-\" \"PostmanRuntime/7.44.0\"","service":"acquisitions-api"}
{"level":"info","message":"::1 - - [12/Sep/2025:16:46:13 +0000] \"POST /api/auth/sign-up HTTP/1.1\" 404 156 \"-\" \"PostmanRuntime/7.44.0\"","service":"acquisitions-api"}
{"level":"info","message":"User nik@gmail.com created successfully","service":"acquisitions-api"}
{"level":"info","message":"User registered successfully: nik@gmail.com","service":"acquisitions-api"}
{"level":"info","message":"::1 - - [12/Sep/2025:16:55:27 +0000] \"POST /api/auth/sign-up HTTP/1.1\" 201 96 \"-\" \"PostmanRuntime/7.44.0\"","service":"acquisitions-api"}
{"level":"info","message":"User nik@gmail.com authenticated successfully","service":"acquisitions-api"}
{"level":"info","message":"User signed in successfully: nik@gmail.com","service":"acquisitions-api"}
{"level":"info","message":"::1 - - [12/Sep/2025:17:47:04 +0000] \"POST /api/auth/sign-in HTTP/1.1\" 200 108 \"-\" \"PostmanRuntime/7.44.0\"","service":"acquisitions-api"}
{"level":"info","message":"User signed out successfully","service":"acquisitions-api"}
{"level":"info","message":"::1 - - [12/Sep/2025:17:48:07 +0000] \"POST /api/auth/sign-out HTTP/1.1\" 200 42 \"-\" \"PostmanRuntime/7.44.0\"","service":"acquisitions-api"}
{"ip":"::1","level":"warn","message":"Bot request blocked","path":"/health","service":"acquisitions-api","userAgent":"PostmanRuntime/7.44.0"}
{"level":"info","message":"::1 - - [13/Sep/2025:04:39:00 +0000] \"GET /health HTTP/1.1\" 403 68 \"-\" \"PostmanRuntime/7.44.0\"","service":"acquisitions-api"}
{"ip":"::1","level":"warn","message":"Bot request blocked","path":"/health","service":"acquisitions-api","userAgent":"PostmanRuntime/7.44.0"}
{"level":"info","message":"::1 - - [13/Sep/2025:04:39:04 +0000] \"GET /health HTTP/1.1\" 403 68 \"-\" \"PostmanRuntime/7.44.0\"","service":"acquisitions-api"}
{"ip":"::1","level":"warn","message":"Bot request blocked","path":"/health","service":"acquisitions-api","userAgent":"PostmanRuntime/7.44.0"}
{"level":"info","message":"::1 - - [13/Sep/2025:04:39:05 +0000] \"GET /health HTTP/1.1\" 403 68 \"-\" \"PostmanRuntime/7.44.0\"","service":"acquisitions-api"}
{"ip":"::1","level":"warn","message":"Bot request blocked","path":"/health","service":"acquisitions-api","userAgent":"PostmanRuntime/7.44.0"}
{"level":"info","message":"::1 - - [13/Sep/2025:04:39:06 +0000] \"GET /health HTTP/1.1\" 403 68 \"-\" \"PostmanRuntime/7.44.0\"","service":"acquisitions-api"}
{"ip":"::1","level":"warn","message":"Bot request blocked","path":"/api/auth/sign-in","service":"acquisitions-api","userAgent":"PostmanRuntime/7.44.0"}
{"level":"info","message":"::1 - - [13/Sep/2025:04:40:41 +0000] \"POST /api/auth/sign-in HTTP/1.1\" 403 68 \"-\" \"PostmanRuntime/7.44.0\"","service":"acquisitions-api"}
{"ip":"::1","level":"warn","message":"Bot request blocked","path":"/health","service":"acquisitions-api","userAgent":"PostmanRuntime/7.44.0"}
{"level":"info","message":"::1 - - [13/Sep/2025:04:47:31 +0000] \"GET /health HTTP/1.1\" 403 68 \"-\" \"PostmanRuntime/7.44.0\"","service":"acquisitions-api"}
{"ip":"::1","level":"warn","message":"Bot request blocked","path":"/health","service":"acquisitions-api","userAgent":"PostmanRuntime/7.44.0"}
{"level":"info","message":"::1 - - [13/Sep/2025:04:47:40 +0000] \"GET /health HTTP/1.1\" 403 68 \"-\" \"PostmanRuntime/7.44.0\"","service":"acquisitions-api"}
{"ip":"::1","level":"warn","message":"Bot request blocked","path":"/api/auth/sign-in","service":"acquisitions-api","userAgent":"PostmanRuntime/7.44.0"}
{"level":"info","message":"::1 - - [13/Sep/2025:04:50:54 +0000] \"POST /api/auth/sign-in HTTP/1.1\" 403 68 \"-\" \"PostmanRuntime/7.44.0\"","service":"acquisitions-api"}
{"level":"info","message":"::1 - - [13/Sep/2025:04:54:08 +0000] \"GET /health HTTP/1.1\" 200 74 \"-\" \"PostmanRuntime/7.44.0\"","service":"acquisitions-api"}
{"level":"info","message":"::1 - - [13/Sep/2025:04:54:43 +0000] \"GET /health HTTP/1.1\" 200 74 \"-\" \"PostmanRuntime/7.44.0\"","service":"acquisitions-api"}
{"level":"info","message":"::1 - - [13/Sep/2025:04:54:50 +0000] \"GET /health HTTP/1.1\" 200 74 \"-\" \"PostmanRuntime/7.44.0\"","service":"acquisitions-api"}
{"level":"info","message":"::1 - - [13/Sep/2025:04:54:52 +0000] \"GET /health HTTP/1.1\" 200 74 \"-\" \"PostmanRuntime/7.44.0\"","service":"acquisitions-api"}
{"level":"info","message":"::1 - - [13/Sep/2025:04:54:53 +0000] \"GET /health HTTP/1.1\" 200 74 \"-\" \"PostmanRuntime/7.44.0\"","service":"acquisitions-api"}
{"level":"info","message":"::1 - - [13/Sep/2025:04:54:54 +0000] \"GET /health HTTP/1.1\" 200 74 \"-\" \"PostmanRuntime/7.44.0\"","service":"acquisitions-api"}
{"level":"info","message":"::1 - - [13/Sep/2025:04:54:55 +0000] \"GET /health HTTP/1.1\" 200 74 \"-\" \"PostmanRuntime/7.44.0\"","service":"acquisitions-api"}
{"level":"info","message":"::1 - - [13/Sep/2025:04:54:57 +0000] \"GET /health HTTP/1.1\" 200 74 \"-\" \"PostmanRuntime/7.44.0\"","service":"acquisitions-api"}
{"level":"info","message":"::1 - - [13/Sep/2025:04:54:58 +0000] \"GET /health HTTP/1.1\" 200 74 \"-\" \"PostmanRuntime/7.44.0\"","service":"acquisitions-api"}
{"level":"info","message":"::1 - - [13/Sep/2025:04:54:59 +0000] \"GET /health HTTP/1.1\" 200 74 \"-\" \"PostmanRuntime/7.44.0\"","service":"acquisitions-api"}
{"level":"info","message":"::1 - - [13/Sep/2025:04:55:00 +0000] \"GET /health HTTP/1.1\" 200 74 \"-\" \"PostmanRuntime/7.44.0\"","service":"acquisitions-api"}
{"level":"info","message":"::1 - - [13/Sep/2025:04:55:02 +0000] \"GET /health HTTP/1.1\" 200 74 \"-\" \"PostmanRuntime/7.44.0\"","service":"acquisitions-api"}
{"ip":"::1","level":"warn","message":"Bot request blocked","path":"/health","service":"acquisitions-api","userAgent":"PostmanRuntime/7.44.0"}
{"level":"info","message":"::1 - - [13/Sep/2025:04:58:37 +0000] \"GET /health HTTP/1.1\" 403 68 \"-\" \"PostmanRuntime/7.44.0\"","service":"acquisitions-api"}
{"level":"info","message":"::1 - - [13/Sep/2025:05:03:46 +0000] \"GET /health HTTP/1.1\" 200 73 \"-\" \"PostmanRuntime/7.44.0\"","service":"acquisitions-api"}
{"level":"info","message":"::1 - - [13/Sep/2025:05:03:49 +0000] \"GET /health HTTP/1.1\" 200 73 \"-\" \"PostmanRuntime/7.44.0\"","service":"acquisitions-api"}
{"level":"info","message":"::1 - - [13/Sep/2025:05:03:49 +0000] \"GET /health HTTP/1.1\" 200 73 \"-\" \"PostmanRuntime/7.44.0\"","service":"acquisitions-api"}
{"level":"info","message":"::1 - - [13/Sep/2025:05:04:01 +0000] \"GET /health HTTP/1.1\" 200 74 \"-\" \"PostmanRuntime/7.44.0\"","service":"acquisitions-api"}
{"level":"info","message":"::1 - - [13/Sep/2025:05:04:03 +0000] \"GET /health HTTP/1.1\" 200 74 \"-\" \"PostmanRuntime/7.44.0\"","service":"acquisitions-api"}
{"level":"info","message":"::1 - - [13/Sep/2025:05:04:04 +0000] \"GET /health HTTP/1.1\" 200 74 \"-\" \"PostmanRuntime/7.44.0\"","service":"acquisitions-api"}
{"level":"info","message":"::1 - - [13/Sep/2025:05:04:05 +0000] \"GET /health HTTP/1.1\" 200 74 \"-\" \"PostmanRuntime/7.44.0\"","service":"acquisitions-api"}
{"level":"info","message":"::1 - - [13/Sep/2025:05:04:06 +0000] \"GET /health HTTP/1.1\" 200 74 \"-\" \"PostmanRuntime/7.44.0\"","service":"acquisitions-api"}
{"level":"info","message":"::1 - - [13/Sep/2025:05:04:07 +0000] \"GET /health HTTP/1.1\" 200 74 \"-\" \"PostmanRuntime/7.44.0\"","service":"acquisitions-api"}
{"level":"info","message":"::1 - - [13/Sep/2025:05:04:08 +0000] \"GET /health HTTP/1.1\" 200 74 \"-\" \"PostmanRuntime/7.44.0\"","service":"acquisitions-api"}
{"level":"info","message":"::1 - - [13/Sep/2025:05:04:09 +0000] \"GET /health HTTP/1.1\" 200 74 \"-\" \"PostmanRuntime/7.44.0\"","service":"acquisitions-api"}
{"level":"info","message":"::1 - - [13/Sep/2025:05:04:11 +0000] \"GET /health HTTP/1.1\" 200 74 \"-\" \"PostmanRuntime/7.44.0\"","service":"acquisitions-api"}
{"level":"info","message":"::1 - - [13/Sep/2025:05:04:12 +0000] \"GET /health HTTP/1.1\" 200 74 \"-\" \"PostmanRuntime/7.44.0\"","service":"acquisitions-api"}
{"level":"info","message":"::1 - - [13/Sep/2025:05:04:13 +0000] \"GET /health HTTP/1.1\" 200 73 \"-\" \"PostmanRuntime/7.44.0\"","service":"acquisitions-api"}
{"level":"info","message":"::1 - - [13/Sep/2025:05:04:14 +0000] \"GET /health HTTP/1.1\" 200 74 \"-\" \"PostmanRuntime/7.44.0\"","service":"acquisitions-api"}
{"level":"info","message":"::1 - - [13/Sep/2025:05:04:15 +0000] \"GET /health HTTP/1.1\" 200 74 \"-\" \"PostmanRuntime/7.44.0\"","service":"acquisitions-api"}
{"level":"info","message":"::1 - - [13/Sep/2025:05:04:17 +0000] \"GET /health HTTP/1.1\" 200 74 \"-\" \"PostmanRuntime/7.44.0\"","service":"acquisitions-api"}
{"level":"info","message":"::1 - - [13/Sep/2025:05:04:17 +0000] \"GET /health HTTP/1.1\" 200 74 \"-\" \"PostmanRuntime/7.44.0\"","service":"acquisitions-api"}
{"level":"info","message":"::1 - - [13/Sep/2025:05:04:18 +0000] \"GET /health HTTP/1.1\" 200 74 \"-\" \"PostmanRuntime/7.44.0\"","service":"acquisitions-api"}
{"level":"info","message":"::1 - - [13/Sep/2025:05:04:20 +0000] \"GET /health HTTP/1.1\" 200 74 \"-\" \"PostmanRuntime/7.44.0\"","service":"acquisitions-api"}
{"level":"info","message":"::1 - - [13/Sep/2025:05:05:11 +0000] \"GET /health HTTP/1.1\" 200 74 \"-\" \"PostmanRuntime/7.44.0\"","service":"acquisitions-api"}
{"level":"info","message":"::1 - - [13/Sep/2025:05:05:14 +0000] \"GET /health HTTP/1.1\" 200 74 \"-\" \"PostmanRuntime/7.44.0\"","service":"acquisitions-api"}
{"level":"info","message":"::1 - - [13/Sep/2025:05:05:15 +0000] \"GET /health HTTP/1.1\" 200 74 \"-\" \"PostmanRuntime/7.44.0\"","service":"acquisitions-api"}
{"level":"info","message":"::1 - - [13/Sep/2025:05:05:16 +0000] \"GET /health HTTP/1.1\" 200 74 \"-\" \"PostmanRuntime/7.44.0\"","service":"acquisitions-api"}
{"level":"info","message":"::1 - - [13/Sep/2025:05:05:17 +0000] \"GET /health HTTP/1.1\" 200 74 \"-\" \"PostmanRuntime/7.44.0\"","service":"acquisitions-api"}
{"level":"info","message":"::1 - - [13/Sep/2025:05:05:18 +0000] \"GET /health HTTP/1.1\" 200 74 \"-\" \"PostmanRuntime/7.44.0\"","service":"acquisitions-api"}
{"level":"info","message":"::1 - - [13/Sep/2025:05:05:20 +0000] \"GET /health HTTP/1.1\" 200 74 \"-\" \"PostmanRuntime/7.44.0\"","service":"acquisitions-api"}
{"level":"info","message":"::1 - - [13/Sep/2025:05:05:21 +0000] \"GET /health HTTP/1.1\" 200 74 \"-\" \"PostmanRuntime/7.44.0\"","service":"acquisitions-api"}
{"level":"info","message":"::1 - - [13/Sep/2025:05:05:22 +0000] \"GET /health HTTP/1.1\" 200 74 \"-\" \"PostmanRuntime/7.44.0\"","service":"acquisitions-api"}
{"level":"info","message":"::1 - - [13/Sep/2025:05:05:23 +0000] \"GET /health HTTP/1.1\" 200 74 \"-\" \"PostmanRuntime/7.44.0\"","service":"acquisitions-api"}
{"level":"info","message":"::1 - - [13/Sep/2025:05:05:24 +0000] \"GET /health HTTP/1.1\" 200 74 \"-\" \"PostmanRuntime/7.44.0\"","service":"acquisitions-api"}
{"level":"info","message":"::1 - - [13/Sep/2025:05:05:26 +0000] \"GET /health HTTP/1.1\" 200 74 \"-\" \"PostmanRuntime/7.44.0\"","service":"acquisitions-api"}
{"level":"info","message":"::1 - - [13/Sep/2025:05:05:27 +0000] \"GET /health HTTP/1.1\" 200 73 \"-\" \"PostmanRuntime/7.44.0\"","service":"acquisitions-api"}
{"level":"info","message":"::1 - - [13/Sep/2025:05:05:28 +0000] \"GET /health HTTP/1.1\" 200 73 \"-\" \"PostmanRuntime/7.44.0\"","service":"acquisitions-api"}
{"level":"info","message":"::1 - - [13/Sep/2025:05:05:29 +0000] \"GET /health HTTP/1.1\" 200 74 \"-\" \"PostmanRuntime/7.44.0\"","service":"acquisitions-api"}
{"level":"info","message":"::1 - - [13/Sep/2025:05:05:30 +0000] \"GET /health HTTP/1.1\" 200 74 \"-\" \"PostmanRuntime/7.44.0\"","service":"acquisitions-api"}
{"level":"info","message":"::1 - - [13/Sep/2025:05:05:31 +0000] \"GET /health HTTP/1.1\" 200 74 \"-\" \"PostmanRuntime/7.44.0\"","service":"acquisitions-api"}
{"level":"info","message":"::1 - - [13/Sep/2025:05:05:32 +0000] \"GET /health HTTP/1.1\" 200 74 \"-\" \"PostmanRuntime/7.44.0\"","service":"acquisitions-api"}
{"level":"info","message":"::1 - - [13/Sep/2025:05:05:34 +0000] \"GET /health HTTP/1.1\" 200 74 \"-\" \"PostmanRuntime/7.44.0\"","service":"acquisitions-api"}
{"level":"info","message":"::1 - - [13/Sep/2025:05:07:33 +0000] \"GET /health HTTP/1.1\" 200 75 \"-\" \"PostmanRuntime/7.44.0\"","service":"acquisitions-api"}
{"level":"info","message":"::1 - - [13/Sep/2025:05:07:35 +0000] \"GET /health HTTP/1.1\" 200 75 \"-\" \"PostmanRuntime/7.44.0\"","service":"acquisitions-api"}
{"level":"info","message":"::1 - - [13/Sep/2025:05:07:36 +0000] \"GET /health HTTP/1.1\" 200 75 \"-\" \"PostmanRuntime/7.44.0\"","service":"acquisitions-api"}
{"level":"info","message":"::1 - - [13/Sep/2025:05:07:37 +0000] \"GET /health HTTP/1.1\" 200 74 \"-\" \"PostmanRuntime/7.44.0\"","service":"acquisitions-api"}
{"level":"info","message":"::1 - - [13/Sep/2025:05:07:38 +0000] \"GET /health HTTP/1.1\" 200 75 \"-\" \"PostmanRuntime/7.44.0\"","service":"acquisitions-api"}
{"level":"info","message":"::1 - - [13/Sep/2025:05:07:40 +0000] \"GET /health HTTP/1.1\" 200 75 \"-\" \"PostmanRuntime/7.44.0\"","service":"acquisitions-api"}
{"level":"info","message":"::1 - - [13/Sep/2025:05:07:41 +0000] \"GET /health HTTP/1.1\" 200 75 \"-\" \"PostmanRuntime/7.44.0\"","service":"acquisitions-api"}
{"level":"info","message":"::1 - - [13/Sep/2025:05:07:42 +0000] \"GET /health HTTP/1.1\" 200 75 \"-\" \"PostmanRuntime/7.44.0\"","service":"acquisitions-api"}
{"level":"info","message":"::1 - - [13/Sep/2025:05:07:43 +0000] \"GET /health HTTP/1.1\" 200 75 \"-\" \"PostmanRuntime/7.44.0\"","service":"acquisitions-api"}
{"level":"info","message":"::1 - - [13/Sep/2025:05:07:45 +0000] \"GET /health HTTP/1.1\" 200 75 \"-\" \"PostmanRuntime/7.44.0\"","service":"acquisitions-api"}
{"level":"info","message":"::1 - - [13/Sep/2025:05:07:46 +0000] \"GET /health HTTP/1.1\" 200 75 \"-\" \"PostmanRuntime/7.44.0\"","service":"acquisitions-api"}
{"level":"info","message":"::1 - - [13/Sep/2025:05:07:47 +0000] \"GET /health HTTP/1.1\" 200 75 \"-\" \"PostmanRuntime/7.44.0\"","service":"acquisitions-api"}
{"level":"info","message":"::1 - - [13/Sep/2025:05:07:48 +0000] \"GET /health HTTP/1.1\" 200 75 \"-\" \"PostmanRuntime/7.44.0\"","service":"acquisitions-api"}
{"level":"info","message":"::1 - - [13/Sep/2025:05:07:49 +0000] \"GET /health HTTP/1.1\" 200 75 \"-\" \"PostmanRuntime/7.44.0\"","service":"acquisitions-api"}
{"level":"info","message":"::1 - - [13/Sep/2025:05:07:51 +0000] \"GET /health HTTP/1.1\" 200 75 \"-\" \"PostmanRuntime/7.44.0\"","service":"acquisitions-api"}
{"level":"info","message":"::1 - - [13/Sep/2025:05:07:52 +0000] \"GET /health HTTP/1.1\" 200 75 \"-\" \"PostmanRuntime/7.44.0\"","service":"acquisitions-api"}
{"level":"info","message":"::1 - - [13/Sep/2025:05:07:53 +0000] \"GET /health HTTP/1.1\" 200 75 \"-\" \"PostmanRuntime/7.44.0\"","service":"acquisitions-api"}
{"level":"info","message":"::1 - - [13/Sep/2025:05:07:54 +0000] \"GET /health HTTP/1.1\" 200 75 \"-\" \"PostmanRuntime/7.44.0\"","service":"acquisitions-api"}
{"level":"info","message":"::1 - - [13/Sep/2025:05:07:55 +0000] \"GET /health HTTP/1.1\" 200 75 \"-\" \"PostmanRuntime/7.44.0\"","service":"acquisitions-api"}
{"level":"info","message":"::1 - - [13/Sep/2025:05:07:56 +0000] \"GET /health HTTP/1.1\" 200 75 \"-\" \"PostmanRuntime/7.44.0\"","service":"acquisitions-api"}
{"level":"info","message":"::1 - - [13/Sep/2025:05:07:57 +0000] \"GET /health HTTP/1.1\" 200 75 \"-\" \"PostmanRuntime/7.44.0\"","service":"acquisitions-api"}
{"level":"info","message":"::1 - - [13/Sep/2025:05:07:58 +0000] \"GET /health HTTP/1.1\" 200 75 \"-\" \"PostmanRuntime/7.44.0\"","service":"acquisitions-api"}
{"level":"info","message":"::1 - - [13/Sep/2025:05:13:28 +0000] \"GET /health HTTP/1.1\" 200 73 \"-\" \"PostmanRuntime/7.44.0\"","service":"acquisitions-api"}
{"level":"info","message":"::1 - - [13/Sep/2025:05:13:29 +0000] \"GET /health HTTP/1.1\" 200 73 \"-\" \"PostmanRuntime/7.44.0\"","service":"acquisitions-api"}
{"level":"info","message":"::1 - - [13/Sep/2025:05:13:30 +0000] \"GET /health HTTP/1.1\" 200 73 \"-\" \"PostmanRuntime/7.44.0\"","service":"acquisitions-api"}
{"level":"info","message":"::1 - - [13/Sep/2025:05:13:31 +0000] \"GET /health HTTP/1.1\" 200 72 \"-\" \"PostmanRuntime/7.44.0\"","service":"acquisitions-api"}
{"level":"info","message":"::1 - - [13/Sep/2025:05:13:32 +0000] \"GET /health HTTP/1.1\" 200 73 \"-\" \"PostmanRuntime/7.44.0\"","service":"acquisitions-api"}
{"level":"info","message":"::1 - - [13/Sep/2025:05:13:33 +0000] \"GET /health HTTP/1.1\" 200 74 \"-\" \"PostmanRuntime/7.44.0\"","service":"acquisitions-api"}
{"level":"info","message":"::1 - - [13/Sep/2025:05:13:34 +0000] \"GET /health HTTP/1.1\" 200 74 \"-\" \"PostmanRuntime/7.44.0\"","service":"acquisitions-api"}
{"level":"info","message":"::1 - - [13/Sep/2025:05:13:35 +0000] \"GET /health HTTP/1.1\" 200 74 \"-\" \"PostmanRuntime/7.44.0\"","service":"acquisitions-api"}
{"level":"info","message":"::1 - - [13/Sep/2025:05:13:36 +0000] \"GET /health HTTP/1.1\" 200 74 \"-\" \"PostmanRuntime/7.44.0\"","service":"acquisitions-api"}
{"level":"info","message":"::1 - - [13/Sep/2025:05:13:37 +0000] \"GET /health HTTP/1.1\" 200 74 \"-\" \"PostmanRuntime/7.44.0\"","service":"acquisitions-api"}
{"level":"info","message":"::1 - - [13/Sep/2025:05:13:38 +0000] \"GET /health HTTP/1.1\" 200 74 \"-\" \"PostmanRuntime/7.44.0\"","service":"acquisitions-api"}
{"level":"info","message":"::1 - - [13/Sep/2025:05:13:39 +0000] \"GET /health HTTP/1.1\" 200 74 \"-\" \"PostmanRuntime/7.44.0\"","service":"acquisitions-api"}
{"level":"info","message":"::1 - - [13/Sep/2025:05:13:40 +0000] \"GET /health HTTP/1.1\" 200 74 \"-\" \"PostmanRuntime/7.44.0\"","service":"acquisitions-api"}
{"level":"info","message":"::1 - - [13/Sep/2025:05:13:41 +0000] \"GET /health HTTP/1.1\" 200 74 \"-\" \"PostmanRuntime/7.44.0\"","service":"acquisitions-api"}
{"level":"info","message":"::1 - - [13/Sep/2025:05:13:42 +0000] \"GET /health HTTP/1.1\" 200 74 \"-\" \"PostmanRuntime/7.44.0\"","service":"acquisitions-api"}
{"level":"info","message":"::1 - - [13/Sep/2025:05:13:43 +0000] \"GET /health HTTP/1.1\" 200 74 \"-\" \"PostmanRuntime/7.44.0\"","service":"acquisitions-api"}
{"level":"info","message":"::1 - - [13/Sep/2025:05:13:44 +0000] \"GET /health HTTP/1.1\" 200 74 \"-\" \"PostmanRuntime/7.44.0\"","service":"acquisitions-api"}
{"level":"info","message":"::1 - - [13/Sep/2025:05:13:45 +0000] \"GET /health HTTP/1.1\" 200 74 \"-\" \"PostmanRuntime/7.44.0\"","service":"acquisitions-api"}
{"level":"info","message":"::1 - - [13/Sep/2025:05:13:47 +0000] \"GET /health HTTP/1.1\" 200 73 \"-\" \"PostmanRuntime/7.44.0\"","service":"acquisitions-api"}
{"level":"info","message":"::1 - - [13/Sep/2025:05:13:48 +0000] \"GET /health HTTP/1.1\" 200 74 \"-\" \"PostmanRuntime/7.44.0\"","service":"acquisitions-api"}
{"level":"info","message":"::1 - - [13/Sep/2025:05:13:49 +0000] \"GET /health HTTP/1.1\" 200 73 \"-\" \"PostmanRuntime/7.44.0\"","service":"acquisitions-api"}
{"level":"info","message":"::1 - - [13/Sep/2025:05:13:51 +0000] \"GET /health HTTP/1.1\" 200 74 \"-\" \"PostmanRuntime/7.44.0\"","service":"acquisitions-api"}
{"level":"info","message":"::1 - - [13/Sep/2025:05:13:52 +0000] \"GET /health HTTP/1.1\" 200 74 \"-\" \"PostmanRuntime/7.44.0\"","service":"acquisitions-api"}
{"level":"info","message":"::1 - - [13/Sep/2025:05:13:53 +0000] \"GET /health HTTP/1.1\" 200 74 \"-\" \"PostmanRuntime/7.44.0\"","service":"acquisitions-api"}
{"level":"info","message":"::1 - - [13/Sep/2025:05:13:54 +0000] \"GET /health HTTP/1.1\" 200 74 \"-\" \"PostmanRuntime/7.44.0\"","service":"acquisitions-api"}
{"level":"info","message":"::1 - - [13/Sep/2025:05:18:20 +0000] \"GET /health HTTP/1.1\" 200 73 \"-\" \"PostmanRuntime/7.44.0\"","service":"acquisitions-api"}
{"level":"info","message":"::1 - - [13/Sep/2025:05:18:21 +0000] \"GET /health HTTP/1.1\" 200 73 \"-\" \"PostmanRuntime/7.44.0\"","service":"acquisitions-api"}
{"level":"info","message":"::1 - - [13/Sep/2025:05:18:22 +0000] \"GET /health HTTP/1.1\" 200 73 \"-\" \"PostmanRuntime/7.44.0\"","service":"acquisitions-api"}
{"level":"info","message":"::1 - - [13/Sep/2025:05:18:23 +0000] \"GET /health HTTP/1.1\" 200 73 \"-\" \"PostmanRuntime/7.44.0\"","service":"acquisitions-api"}
{"level":"info","message":"::1 - - [13/Sep/2025:05:18:24 +0000] \"GET /health HTTP/1.1\" 200 73 \"-\" \"PostmanRuntime/7.44.0\"","service":"acquisitions-api"}
{"level":"info","message":"::1 - - [13/Sep/2025:05:18:25 +0000] \"GET /health HTTP/1.1\" 200 74 \"-\" \"PostmanRuntime/7.44.0\"","service":"acquisitions-api"}
{"level":"info","message":"::1 - - [13/Sep/2025:05:18:26 +0000] \"GET /health HTTP/1.1\" 200 74 \"-\" \"PostmanRuntime/7.44.0\"","service":"acquisitions-api"}
{"level":"info","message":"::1 - - [13/Sep/2025:05:18:27 +0000] \"GET /health HTTP/1.1\" 200 74 \"-\" \"PostmanRuntime/7.44.0\"","service":"acquisitions-api"}
{"level":"info","message":"::1 - - [13/Sep/2025:05:18:28 +0000] \"GET /health HTTP/1.1\" 200 74 \"-\" \"PostmanRuntime/7.44.0\"","service":"acquisitions-api"}
{"level":"info","message":"::1 - - [13/Sep/2025:05:18:29 +0000] \"GET /health HTTP/1.1\" 200 74 \"-\" \"PostmanRuntime/7.44.0\"","service":"acquisitions-api"}
{"level":"info","message":"::1 - - [13/Sep/2025:05:18:30 +0000] \"GET /health HTTP/1.1\" 200 74 \"-\" \"PostmanRuntime/7.44.0\"","service":"acquisitions-api"}
{"level":"info","message":"::1 - - [13/Sep/2025:05:18:31 +0000] \"GET /health HTTP/1.1\" 200 74 \"-\" \"PostmanRuntime/7.44.0\"","service":"acquisitions-api"}
{"level":"info","message":"::1 - - [13/Sep/2025:05:18:32 +0000] \"GET /health HTTP/1.1\" 200 72 \"-\" \"PostmanRuntime/7.44.0\"","service":"acquisitions-api"}
{"level":"info","message":"::1 - - [13/Sep/2025:05:18:33 +0000] \"GET /health HTTP/1.1\" 200 74 \"-\" \"PostmanRuntime/7.44.0\"","service":"acquisitions-api"}
{"level":"info","message":"::1 - - [13/Sep/2025:05:18:34 +0000] \"GET /health HTTP/1.1\" 200 74 \"-\" \"PostmanRuntime/7.44.0\"","service":"acquisitions-api"}
{"level":"info","message":"::1 - - [13/Sep/2025:05:18:36 +0000] \"GET /health HTTP/1.1\" 200 74 \"-\" \"PostmanRuntime/7.44.0\"","service":"acquisitions-api"}
{"level":"info","message":"::1 - - [13/Sep/2025:05:18:37 +0000] \"GET /health HTTP/1.1\" 200 74 \"-\" \"PostmanRuntime/7.44.0\"","service":"acquisitions-api"}
{"level":"info","message":"::1 - - [13/Sep/2025:05:18:40 +0000] \"GET /health HTTP/1.1\" 200 74 \"-\" \"PostmanRuntime/7.44.0\"","service":"acquisitions-api"}
{"level":"info","message":"::1 - - [13/Sep/2025:05:18:41 +0000] \"GET /health HTTP/1.1\" 200 74 \"-\" \"PostmanRuntime/7.44.0\"","service":"acquisitions-api"}
{"level":"info","message":"::1 - - [13/Sep/2025:05:28:49 +0000] \"GET /health HTTP/1.1\" 403 24 \"-\" \"PostmanRuntime/7.44.0\"","service":"acquisitions-api"}
{"level":"info","message":"::1 - - [13/Sep/2025:05:32:03 +0000] \"GET /health HTTP/1.1\" 200 73 \"-\" \"PostmanRuntime/7.44.0\"","service":"acquisitions-api"}
{"level":"info","message":"::1 - - [13/Sep/2025:05:32:07 +0000] \"GET /health HTTP/1.1\" 200 73 \"-\" \"PostmanRuntime/7.44.0\"","service":"acquisitions-api"}
{"level":"info","message":"::1 - - [13/Sep/2025:05:32:16 +0000] \"GET /health HTTP/1.1\" 200 74 \"-\" \"PostmanRuntime/7.44.0\"","service":"acquisitions-api"}
{"level":"info","message":"::1 - - [13/Sep/2025:05:32:19 +0000] \"GET /health HTTP/1.1\" 200 74 \"-\" \"PostmanRuntime/7.44.0\"","service":"acquisitions-api"}
{"level":"info","message":"::1 - - [13/Sep/2025:05:32:20 +0000] \"GET /health HTTP/1.1\" 200 74 \"-\" \"PostmanRuntime/7.44.0\"","service":"acquisitions-api"}
{"level":"info","message":"::1 - - [13/Sep/2025:05:32:22 +0000] \"GET /health HTTP/1.1\" 200 74 \"-\" \"PostmanRuntime/7.44.0\"","service":"acquisitions-api"}
{"level":"info","message":"::1 - - [13/Sep/2025:05:32:25 +0000] \"GET /health HTTP/1.1\" 200 74 \"-\" \"PostmanRuntime/7.44.0\"","service":"acquisitions-api"}
{"level":"info","message":"::1 - - [13/Sep/2025:05:32:27 +0000] \"GET /health HTTP/1.1\" 200 74 \"-\" \"PostmanRuntime/7.44.0\"","service":"acquisitions-api"}
{"level":"info","message":"::1 - - [13/Sep/2025:05:32:28 +0000] \"GET /health HTTP/1.1\" 200 74 \"-\" \"PostmanRuntime/7.44.0\"","service":"acquisitions-api"}
{"level":"info","message":"::1 - - [13/Sep/2025:05:32:32 +0000] \"GET /health HTTP/1.1\" 200 74 \"-\" \"PostmanRuntime/7.44.0\"","service":"acquisitions-api"}
{"level":"info","message":"::1 - - [13/Sep/2025:05:36:49 +0000] \"GET /health HTTP/1.1\" 200 75 \"-\" \"PostmanRuntime/7.46.0\"","service":"acquisitions-api"}
{"level":"info","message":"::1 - - [13/Sep/2025:05:36:55 +0000] \"GET /health HTTP/1.1\" 200 75 \"-\" \"PostmanRuntime/7.46.0\"","service":"acquisitions-api"}
{"level":"info","message":"::1 - - [13/Sep/2025:05:36:57 +0000] \"GET /health HTTP/1.1\" 200 74 \"-\" \"PostmanRuntime/7.46.0\"","service":"acquisitions-api"}
{"level":"info","message":"::1 - - [13/Sep/2025:05:36:58 +0000] \"GET /health HTTP/1.1\" 200 75 \"-\" \"PostmanRuntime/7.46.0\"","service":"acquisitions-api"}
{"level":"info","message":"::1 - - [13/Sep/2025:05:37:00 +0000] \"GET /health HTTP/1.1\" 200 75 \"-\" \"PostmanRuntime/7.46.0\"","service":"acquisitions-api"}
{"level":"info","message":"::1 - - [13/Sep/2025:05:37:01 +0000] \"GET /health HTTP/1.1\" 200 75 \"-\" \"PostmanRuntime/7.46.0\"","service":"acquisitions-api"}
{"level":"info","message":"::1 - - [13/Sep/2025:05:37:03 +0000] \"GET /health HTTP/1.1\" 200 75 \"-\" \"PostmanRuntime/7.46.0\"","service":"acquisitions-api"}
{"level":"info","message":"::1 - - [13/Sep/2025:05:37:04 +0000] \"GET /health HTTP/1.1\" 200 75 \"-\" \"PostmanRuntime/7.46.0\"","service":"acquisitions-api"}
{"level":"info","message":"::1 - - [13/Sep/2025:05:37:05 +0000] \"GET /health HTTP/1.1\" 200 75 \"-\" \"PostmanRuntime/7.46.0\"","service":"acquisitions-api"}
{"level":"info","message":"::1 - - [13/Sep/2025:05:37:07 +0000] \"GET /health HTTP/1.1\" 200 75 \"-\" \"PostmanRuntime/7.46.0\"","service":"acquisitions-api"}
{"level":"info","message":"::1 - - [13/Sep/2025:05:37:08 +0000] \"GET /health HTTP/1.1\" 200 75 \"-\" \"PostmanRuntime/7.46.0\"","service":"acquisitions-api"}
{"level":"info","message":"::1 - - [13/Sep/2025:05:37:10 +0000] \"GET /health HTTP/1.1\" 200 75 \"-\" \"PostmanRuntime/7.46.0\"","service":"acquisitions-api"}
{"level":"info","message":"::1 - - [13/Sep/2025:05:37:11 +0000] \"GET /health HTTP/1.1\" 200 75 \"-\" \"PostmanRuntime/7.46.0\"","service":"acquisitions-api"}
{"level":"info","message":"::1 - - [13/Sep/2025:05:37:12 +0000] \"GET /health HTTP/1.1\" 200 75 \"-\" \"PostmanRuntime/7.46.0\"","service":"acquisitions-api"}
{"level":"info","message":"::1 - - [13/Sep/2025:05:37:14 +0000] \"GET /health HTTP/1.1\" 200 75 \"-\" \"PostmanRuntime/7.46.0\"","service":"acquisitions-api"}
{"level":"info","message":"::1 - - [13/Sep/2025:05:37:15 +0000] \"GET /health HTTP/1.1\" 200 75 \"-\" \"PostmanRuntime/7.46.0\"","service":"acquisitions-api"}
{"level":"info","message":"::1 - - [13/Sep/2025:05:37:17 +0000] \"GET /health HTTP/1.1\" 200 75 \"-\" \"PostmanRuntime/7.46.0\"","service":"acquisitions-api"}
{"level":"info","message":"::1 - - [13/Sep/2025:05:37:18 +0000] \"GET /health HTTP/1.1\" 200 75 \"-\" \"PostmanRuntime/7.46.0\"","service":"acquisitions-api"}
{"level":"info","message":"::1 - - [13/Sep/2025:05:37:20 +0000] \"GET /health HTTP/1.1\" 200 75 \"-\" \"PostmanRuntime/7.46.0\"","service":"acquisitions-api"}
{"level":"info","message":"::1 - - [13/Sep/2025:05:37:21 +0000] \"GET /health HTTP/1.1\" 200 75 \"-\" \"PostmanRuntime/7.46.0\"","service":"acquisitions-api"}
{"level":"info","message":"::1 - - [13/Sep/2025:05:37:22 +0000] \"GET /health HTTP/1.1\" 200 75 \"-\" \"PostmanRuntime/7.46.0\"","service":"acquisitions-api"}
{"level":"info","message":"::1 - - [13/Sep/2025:05:37:23 +0000] \"GET /health HTTP/1.1\" 200 75 \"-\" \"PostmanRuntime/7.46.0\"","service":"acquisitions-api"}
{"level":"info","message":"::1 - - [13/Sep/2025:05:37:25 +0000] \"GET /health HTTP/1.1\" 200 75 \"-\" \"PostmanRuntime/7.46.0\"","service":"acquisitions-api"}
{"level":"info","message":"::1 - - [13/Sep/2025:05:37:26 +0000] \"GET /health HTTP/1.1\" 429 31 \"-\" \"PostmanRuntime/7.46.0\"","service":"acquisitions-api"}
{"level":"info","message":"::1 - - [13/Sep/2025:05:37:27 +0000] \"GET /health HTTP/1.1\" 429 31 \"-\" \"PostmanRuntime/7.46.0\"","service":"acquisitions-api"}
{"level":"info","message":"::1 - - [13/Sep/2025:05:37:30 +0000] \"GET /health HTTP/1.1\" 200 75 \"-\" \"PostmanRuntime/7.46.0\"","service":"acquisitions-api"}
{"level":"info","message":"::1 - - [13/Sep/2025:05:37:33 +0000] \"GET /health HTTP/1.1\" 200 75 \"-\" \"PostmanRuntime/7.46.0\"","service":"acquisitions-api"}
{"level":"info","message":"::1 - - [13/Sep/2025:05:37:35 +0000] \"GET /health HTTP/1.1\" 200 75 \"-\" \"PostmanRuntime/7.46.0\"","service":"acquisitions-api"}
{"level":"info","message":"::1 - - [13/Sep/2025:05:37:36 +0000] \"GET /health HTTP/1.1\" 200 75 \"-\" \"PostmanRuntime/7.46.0\"","service":"acquisitions-api"}
{"level":"info","message":"::1 - - [13/Sep/2025:05:37:37 +0000] \"GET /health HTTP/1.1\" 200 75 \"-\" \"PostmanRuntime/7.46.0\"","service":"acquisitions-api"}
{"level":"info","message":"::1 - - [13/Sep/2025:05:37:39 +0000] \"GET /health HTTP/1.1\" 200 75 \"-\" \"PostmanRuntime/7.46.0\"","service":"acquisitions-api"}
{"level":"info","message":"::1 - - [13/Sep/2025:05:37:40 +0000] \"GET /health HTTP/1.1\" 200 75 \"-\" \"PostmanRuntime/7.46.0\"","service":"acquisitions-api"}
{"level":"info","message":"::1 - - [13/Sep/2025:05:37:41 +0000] \"GET /health HTTP/1.1\" 200 75 \"-\" \"PostmanRuntime/7.46.0\"","service":"acquisitions-api"}
